[LOG] System::create                           : Header version = 1.10.07. Current version = 1.10.07.
[LOG] SystemI::setOutputInternal               : Setting output to 'FMOD WASAPI Output'
[LOG] Manager::init                            : maxchannels = 1024 studioflags = 00000009 flags 00000000 extradriverdata 0000000000000000.
[LOG] SystemI::init                            : Initialize version=11007 (95892), maxchannels=1024, flags=0x00030000
[LOG] OutputWASAPI::init                       : Mix Format (WAVEFORMATEX): wFormatTag=0xFFFE, nChannels=2, nSamplesPerSec=48000, nAvgBytesPerSec=384000, nBlockAlign=8, wBitsPerSample=32, cbSize=22.
[LOG] OutputWASAPI::init                       : Mix Format (WAVEFORMATEXTENSIBLE): wValidBitsPerSample=32, dwChannelMask=0x00000003, SubFormat=00000003-0000-0010-8000-00AA00389B71.
[LOG] OutputWASAPI::init                       : Output buffer size: 4096 samples, latency: 0.00ms, period: 10.00ms, DSP buffer: 1024 * 4
[LOG] Thread::initThread                       : Init FMOD stream thread. Priority: 2, Stack Size: 65536, Semaphore: No, Sleep Time: 10, Looping: Yes.
[LOG] SystemI::DSPCodecPoolRegister            : register codec pool for pool type 5
[LOG] Thread::initThread                       : Init FMOD mixer thread. Priority: 3, Stack Size: 49152, Semaphore: No, Sleep Time: 0, Looping: Yes.
[LOG] AsyncManager::init                       : manager 000001B151C55F08 isAsync 1 updatePeriod 0.02
[LOG] Thread::initThread                       : Init FMOD Studio update thread. Priority: 0, Stack Size: 65536, Semaphore: No, Sleep Time: 1, Looping: No.
[LOG] AsyncManager::init                       : done
[LOG] PlaybackSystem::init                     : 
[LOG] Thread::initThread                       : Init FMOD Studio sample load thread. Priority: 0, Stack Size: 65536, Semaphore: No, Sleep Time: 1, Looping: No.
[LOG] PlaybackSystem::init                     : done
[LOG] LiveUpdate::init                         : 
[LOG] Thread::initThread                       : Init FMOD Studio bank load thread. Priority: 0, Stack Size: 65536, Semaphore: No, Sleep Time: 1, Looping: No.
[LOG] Manager::init                            : done.
[LOG] Profile::init                            : Profiler listening on port: 9264
[LOG] Manager::readBank                        : fileversion = 100, compatVersion = 99 (oldest = 44, newest = 100)
[LOG] Manager::readBank                        : fileversion = 100, compatVersion = 99 (oldest = 44, newest = 100)
[LOG] PlaybackSystem::acquireMasterBus         : Setting master channel group format to 6
[ERR] assert                                   : assertion: 'listener >= 0 && listener < numlisteners' failed
[ERR] assert                                   : assertion: 'listener >= 0 && listener < numlisteners' failed
[LOG] SystemI::createSoundInternal             : Create name='', mode=0x02000202
[LOG] SystemI::createSoundInternal             : exinfo->cbsize             = 232
[LOG] SystemI::createSoundInternal             : exinfo->length             = 3224256
[LOG] SystemI::createSoundInternal             : exinfo->fileoffset         = 98112
[LOG] SystemI::createSoundInternal             : exinfo->numsubsounds       = 1
[LOG] SystemI::createSoundInternal             : exinfo->inclusionlist      = 00000078EDEFF14C
[LOG] SystemI::createSoundInternal             : exinfo->inclusionlistnum   = 1
[LOG] SystemI::createSoundInternal             : exinfo->suggestedsoundtype = 5
[LOG] SystemI::createSoundInternal             : exinfo->useropen           = 00007FFC25B0D9C0
[LOG] SystemI::createSoundInternal             : exinfo->userclose          = 00007FFC25B0D990
[LOG] SystemI::createSoundInternal             : exinfo->userread           = 00007FFC25B0DA90
[LOG] SystemI::createSoundInternal             : exinfo->userseek           = 00007FFC25B0DB50
[LOG] SystemI::createSoundInternal             : exinfo->fileuserdata       = 000001AF910E5498
[LOG] SystemI::createSoundInternal             : exinfo->initialseekpostype = 1
[LOG] SystemI::DSPCodecPoolRegister            : register codec pool for pool type 5
[LOG] SystemI::createSoundInternal             : Sample 0/1: name='FasterThanTheEyes_Reaper_MKNIG_24_48_ARMOUR_Leather Creaks-007', format=2, channels=1, frequency=48000, lengthbytes=7360, lengthpcm=37606, pcmblocksize=0, loopstart=0, loopend=0, mode=0x00000000, channelmask=0x00000000, channelorder=0, peakvolume=0.275844.
[LOG] SystemI::createSoundInternal             : Create name='', mode=0x02000202
[LOG] SystemI::createSoundInternal             : exinfo->cbsize             = 232
[LOG] SystemI::createSoundInternal             : exinfo->length             = 3224256
[LOG] SystemI::createSoundInternal             : exinfo->fileoffset         = 98112
[LOG] SystemI::createSoundInternal             : exinfo->numsubsounds       = 1
[LOG] SystemI::createSoundInternal             : exinfo->inclusionlist      = 00000078EDEFF14C
[LOG] SystemI::createSoundInternal             : exinfo->inclusionlistnum   = 1
[LOG] SystemI::createSoundInternal             : exinfo->suggestedsoundtype = 5
[LOG] SystemI::createSoundInternal             : exinfo->useropen           = 00007FFC25B0D9C0
[LOG] SystemI::createSoundInternal             : exinfo->userclose          = 00007FFC25B0D990
[LOG] SystemI::createSoundInternal             : exinfo->userread           = 00007FFC25B0DA90
[LOG] SystemI::createSoundInternal             : exinfo->userseek           = 00007FFC25B0DB50
[LOG] SystemI::createSoundInternal             : exinfo->fileuserdata       = 000001AF910E5498
[LOG] SystemI::createSoundInternal             : exinfo->initialseekpostype = 1
[LOG] SystemI::DSPCodecPoolRegister            : register codec pool for pool type 5
[LOG] SystemI::createSoundInternal             : Sample 0/1: name='FasterThanTheEyes_Reaper_MKNIG_24_48_ARMOUR_Cloth Movement-002', format=2, channels=1, frequency=48000, lengthbytes=2496, lengthpcm=25972, pcmblocksize=0, loopstart=0, loopend=0, mode=0x00000000, channelmask=0x00000000, channelorder=0, peakvolume=0.079177.
[LOG] SystemI::createSoundInternal             : Create name='', mode=0x02000202
[LOG] SystemI::createSoundInternal             : exinfo->cbsize             = 232
[LOG] SystemI::createSoundInternal             : exinfo->length             = 3224256
[LOG] SystemI::createSoundInternal             : exinfo->fileoffset         = 98112
[LOG] SystemI::createSoundInternal             : exinfo->numsubsounds       = 1
[LOG] SystemI::createSoundInternal             : exinfo->inclusionlist      = 00000078EDEFF14C
[LOG] SystemI::createSoundInternal             : exinfo->inclusionlistnum   = 1
[LOG] SystemI::createSoundInternal             : exinfo->suggestedsoundtype = 5
[LOG] SystemI::createSoundInternal             : exinfo->useropen           = 00007FFC25B0D9C0
[LOG] SystemI::createSoundInternal             : exinfo->userclose          = 00007FFC25B0D990
[LOG] SystemI::createSoundInternal             : exinfo->userread           = 00007FFC25B0DA90
[LOG] SystemI::createSoundInternal             : exinfo->userseek           = 00007FFC25B0DB50
[LOG] SystemI::createSoundInternal             : exinfo->fileuserdata       = 000001AF910E5498
[LOG] SystemI::createSoundInternal             : exinfo->initialseekpostype = 1
[LOG] SystemI::DSPCodecPoolRegister            : register codec pool for pool type 5
[LOG] SystemI::createSoundInternal             : Sample 0/1: name='FasterThanTheEyes_Reaper_JWatson_24_48_Breathing_Breath_001-003', format=2, channels=2, frequency=48000, lengthbytes=32224, lengthpcm=181753, pcmblocksize=0, loopstart=0, loopend=0, mode=0x00000000, channelmask=0x00000000, channelorder=0, peakvolume=0.189819.
[LOG] SystemI::createSoundInternal             : Create name='', mode=0x02000202
[LOG] SystemI::createSoundInternal             : exinfo->cbsize             = 232
[LOG] SystemI::createSoundInternal             : exinfo->length             = 3224256
[LOG] SystemI::createSoundInternal             : exinfo->fileoffset         = 98112
[LOG] SystemI::createSoundInternal             : exinfo->numsubsounds       = 1
[LOG] SystemI::createSoundInternal             : exinfo->inclusionlist      = 00000078EDEFF14C
[LOG] SystemI::createSoundInternal             : exinfo->inclusionlistnum   = 1
[LOG] SystemI::createSoundInternal             : exinfo->suggestedsoundtype = 5
[LOG] SystemI::createSoundInternal             : exinfo->useropen           = 00007FFC25B0D9C0
[LOG] SystemI::createSoundInternal             : exinfo->userclose          = 00007FFC25B0D990
[LOG] SystemI::createSoundInternal             : exinfo->userread           = 00007FFC25B0DA90
[LOG] SystemI::createSoundInternal             : exinfo->userseek           = 00007FFC25B0DB50
[LOG] SystemI::createSoundInternal             : exinfo->fileuserdata       = 000001AF910E5498
[LOG] SystemI::createSoundInternal             : exinfo->initialseekpostype = 1
[LOG] SystemI::DSPCodecPoolRegister            : register codec pool for pool type 5
[LOG] SystemI::createSoundInternal             : Sample 0/1: name='FasterThanTheEyes_Reaper_JWatson_24_48_Breathing_Breath2_001-001', format=2, channels=2, frequency=48000, lengthbytes=7264, lengthpcm=81324, pcmblocksize=0, loopstart=0, loopend=0, mode=0x00000000, channelmask=0x00000000, channelorder=0, peakvolume=0.122711.
[LOG] SystemI::createSoundInternal             : Create name='', mode=0x02000202
[LOG] SystemI::createSoundInternal             : exinfo->cbsize             = 232
[LOG] SystemI::createSoundInternal             : exinfo->length             = 3224256
[LOG] SystemI::createSoundInternal             : exinfo->fileoffset         = 98112
[LOG] SystemI::createSoundInternal             : exinfo->numsubsounds       = 1
[LOG] SystemI::createSoundInternal             : exinfo->inclusionlist      = 00000078EDEFF14C
[LOG] SystemI::createSoundInternal             : exinfo->inclusionlistnum   = 1
[LOG] SystemI::createSoundInternal             : exinfo->suggestedsoundtype = 5
[LOG] SystemI::createSoundInternal             : exinfo->useropen           = 00007FFC25B0D9C0
[LOG] SystemI::createSoundInternal             : exinfo->userclose          = 00007FFC25B0D990
[LOG] SystemI::createSoundInternal             : exinfo->userread           = 00007FFC25B0DA90
[LOG] SystemI::createSoundInternal             : exinfo->userseek           = 00007FFC25B0DB50
[LOG] SystemI::createSoundInternal             : exinfo->fileuserdata       = 000001AF910E5498
[LOG] SystemI::createSoundInternal             : exinfo->initialseekpostype = 1
[LOG] SystemI::DSPCodecPoolRegister            : register codec pool for pool type 5
[LOG] SystemI::createSoundInternal             : Sample 0/1: name='FasterThanTheEyes_Reaper_JWatson_24_48_Breathing_Breath_001-001', format=2, channels=2, frequency=48000, lengthbytes=35776, lengthpcm=197829, pcmblocksize=0, loopstart=0, loopend=0, mode=0x00000000, channelmask=0x00000000, channelorder=0, peakvolume=0.138458.
[LOG] SystemI::createSoundInternal             : Create name='', mode=0x02000202
[LOG] SystemI::createSoundInternal             : exinfo->cbsize             = 232
[LOG] SystemI::createSoundInternal             : exinfo->length             = 3224256
[LOG] SystemI::createSoundInternal             : exinfo->fileoffset         = 98112
[LOG] SystemI::createSoundInternal             : exinfo->numsubsounds       = 1
[LOG] SystemI::createSoundInternal             : exinfo->inclusionlist      = 00000078EDEFF14C
[LOG] SystemI::createSoundInternal             : exinfo->inclusionlistnum   = 1
[LOG] SystemI::createSoundInternal             : exinfo->suggestedsoundtype = 5
[LOG] SystemI::createSoundInternal             : exinfo->useropen           = 00007FFC25B0D9C0
[LOG] SystemI::createSoundInternal             : exinfo->userclose          = 00007FFC25B0D990
[LOG] SystemI::createSoundInternal             : exinfo->userread           = 00007FFC25B0DA90
[LOG] SystemI::createSoundInternal             : exinfo->userseek           = 00007FFC25B0DB50
[LOG] SystemI::createSoundInternal             : exinfo->fileuserdata       = 000001AF910E5498
[LOG] SystemI::createSoundInternal             : exinfo->initialseekpostype = 1
[LOG] SystemI::DSPCodecPoolRegister            : register codec pool for pool type 5
[LOG] SystemI::createSoundInternal             : Sample 0/1: name='FasterThanTheEyes_Reaper_MKNIG_24_48_ARMOUR_Leather Creaks-001', format=2, channels=1, frequency=48000, lengthbytes=5728, lengthpcm=30268, pcmblocksize=0, loopstart=0, loopend=0, mode=0x00000000, channelmask=0x00000000, channelorder=0, peakvolume=0.436179.
[LOG] SystemI::createSoundInternal             : Create name='', mode=0x02000202
[LOG] SystemI::createSoundInternal             : exinfo->cbsize             = 232
[LOG] SystemI::createSoundInternal             : exinfo->length             = 3224256
[LOG] SystemI::createSoundInternal             : exinfo->fileoffset         = 98112
[LOG] SystemI::createSoundInternal             : exinfo->numsubsounds       = 1
[LOG] SystemI::createSoundInternal             : exinfo->inclusionlist      = 00000078EDEFF14C
[LOG] SystemI::createSoundInternal             : exinfo->inclusionlistnum   = 1
[LOG] SystemI::createSoundInternal             : exinfo->suggestedsoundtype = 5
[LOG] SystemI::createSoundInternal             : exinfo->useropen           = 00007FFC25B0D9C0
[LOG] SystemI::createSoundInternal             : exinfo->userclose          = 00007FFC25B0D990
[LOG] SystemI::createSoundInternal             : exinfo->userread           = 00007FFC25B0DA90
[LOG] SystemI::createSoundInternal             : exinfo->userseek           = 00007FFC25B0DB50
[LOG] SystemI::createSoundInternal             : exinfo->fileuserdata       = 000001AF910E5498
[LOG] SystemI::createSoundInternal             : exinfo->initialseekpostype = 1
[LOG] SystemI::DSPCodecPoolRegister            : register codec pool for pool type 5
[LOG] SystemI::createSoundInternal             : Sample 0/1: name='FasterThanTheEyes_Reaper_MKNIG_24_48_ARMOUR_Leather Creaks-006', format=2, channels=1, frequency=48000, lengthbytes=8128, lengthpcm=41275, pcmblocksize=0, loopstart=0, loopend=0, mode=0x00000000, channelmask=0x00000000, channelorder=0, peakvolume=0.628559.
[LOG] SystemI::createSoundInternal             : Create name='', mode=0x02000202
[LOG] SystemI::createSoundInternal             : exinfo->cbsize             = 232
[LOG] SystemI::createSoundInternal             : exinfo->length             = 3224256
[LOG] SystemI::createSoundInternal             : exinfo->fileoffset         = 98112
[LOG] SystemI::createSoundInternal             : exinfo->numsubsounds       = 1
[LOG] SystemI::createSoundInternal             : exinfo->inclusionlist      = 00000078EDEFF14C
[LOG] SystemI::createSoundInternal             : exinfo->inclusionlistnum   = 1
[LOG] SystemI::createSoundInternal             : exinfo->suggestedsoundtype = 5
[LOG] SystemI::createSoundInternal             : exinfo->useropen           = 00007FFC25B0D9C0
[LOG] SystemI::createSoundInternal             : exinfo->userclose          = 00007FFC25B0D990
[LOG] SystemI::createSoundInternal             : exinfo->userread           = 00007FFC25B0DA90
[LOG] SystemI::createSoundInternal             : exinfo->userseek           = 00007FFC25B0DB50
[LOG] SystemI::createSoundInternal             : exinfo->fileuserdata       = 000001AF910E5498
[LOG] SystemI::createSoundInternal             : exinfo->initialseekpostype = 1
[LOG] SystemI::DSPCodecPoolRegister            : register codec pool for pool type 5
[LOG] SystemI::createSoundInternal             : Sample 0/1: name='FasterThanTheEyes_Reaper_JWatson_24_48_Breathing_Breath2_001-003', format=2, channels=2, frequency=48000, lengthbytes=6240, lengthpcm=76913, pcmblocksize=0, loopstart=0, loopend=0, mode=0x00000000, channelmask=0x00000000, channelorder=0, peakvolume=0.125824.
[LOG] SystemI::createSoundInternal             : Create name='', mode=0x02000202
[LOG] SystemI::createSoundInternal             : exinfo->cbsize             = 232
[LOG] SystemI::createSoundInternal             : exinfo->length             = 3224256
[LOG] SystemI::createSoundInternal             : exinfo->fileoffset         = 98112
[LOG] SystemI::createSoundInternal             : exinfo->numsubsounds       = 1
[LOG] SystemI::createSoundInternal             : exinfo->inclusionlist      = 00000078EDEFF14C
[LOG] SystemI::createSoundInternal             : exinfo->inclusionlistnum   = 1
[LOG] SystemI::createSoundInternal             : exinfo->suggestedsoundtype = 5
[LOG] SystemI::createSoundInternal             : exinfo->useropen           = 00007FFC25B0D9C0
[LOG] SystemI::createSoundInternal             : exinfo->userclose          = 00007FFC25B0D990
[LOG] SystemI::createSoundInternal             : exinfo->userread           = 00007FFC25B0DA90
[LOG] SystemI::createSoundInternal             : exinfo->userseek           = 00007FFC25B0DB50
[LOG] SystemI::createSoundInternal             : exinfo->fileuserdata       = 000001AF910E5498
[LOG] SystemI::createSoundInternal             : exinfo->initialseekpostype = 1
[LOG] SystemI::DSPCodecPoolRegister            : register codec pool for pool type 5
[LOG] SystemI::createSoundInternal             : Sample 0/1: name='FasterThanTheEyes_Reaper_MKNIG_24_48_ARMOUR_Armour Chinks-004', format=2, channels=1, frequency=48000, lengthbytes=16256, lengthpcm=66347, pcmblocksize=0, loopstart=0, loopend=0, mode=0x00000000, channelmask=0x00000000, channelorder=0, peakvolume=0.408405.
[LOG] SystemI::createSoundInternal             : Create name='', mode=0x02000202
[LOG] SystemI::createSoundInternal             : exinfo->cbsize             = 232
[LOG] SystemI::createSoundInternal             : exinfo->length             = 3224256
[LOG] SystemI::createSoundInternal             : exinfo->fileoffset         = 98112
[LOG] SystemI::createSoundInternal             : exinfo->numsubsounds       = 1
[LOG] SystemI::createSoundInternal             : exinfo->inclusionlist      = 00000078EDEFF14C
[LOG] SystemI::createSoundInternal             : exinfo->inclusionlistnum   = 1
[LOG] SystemI::createSoundInternal             : exinfo->suggestedsoundtype = 5
[LOG] SystemI::createSoundInternal             : exinfo->useropen           = 00007FFC25B0D9C0
[LOG] SystemI::createSoundInternal             : exinfo->userclose          = 00007FFC25B0D990
[LOG] SystemI::createSoundInternal             : exinfo->userread           = 00007FFC25B0DA90
[LOG] SystemI::createSoundInternal             : exinfo->userseek           = 00007FFC25B0DB50
[LOG] SystemI::createSoundInternal             : exinfo->fileuserdata       = 000001AF910E5498
[LOG] SystemI::createSoundInternal             : exinfo->initialseekpostype = 1
[LOG] SystemI::DSPCodecPoolRegister            : register codec pool for pool type 5
[LOG] SystemI::createSoundInternal             : Sample 0/1: name='FasterThanTheEyes_Reaper_JWatson_24_48_Breathing_Breath2_001-002', format=2, channels=2, frequency=48000, lengthbytes=7872, lengthpcm=85244, pcmblocksize=0, loopstart=0, loopend=0, mode=0x00000000, channelmask=0x00000000, channelorder=0, peakvolume=0.191681.
[LOG] SystemI::createSoundInternal             : Create name='', mode=0x02000202
[LOG] SystemI::createSoundInternal             : exinfo->cbsize             = 232
[LOG] SystemI::createSoundInternal             : exinfo->length             = 3224256
[LOG] SystemI::createSoundInternal             : exinfo->fileoffset         = 98112
[LOG] SystemI::createSoundInternal             : exinfo->numsubsounds       = 1
[LOG] SystemI::createSoundInternal             : exinfo->inclusionlist      = 00000078EDEFF14C
[LOG] SystemI::createSoundInternal             : exinfo->inclusionlistnum   = 1
[LOG] SystemI::createSoundInternal             : exinfo->suggestedsoundtype = 5
[LOG] SystemI::createSoundInternal             : exinfo->useropen           = 00007FFC25B0D9C0
[LOG] SystemI::createSoundInternal             : exinfo->userclose          = 00007FFC25B0D990
[LOG] SystemI::createSoundInternal             : exinfo->userread           = 00007FFC25B0DA90
[LOG] SystemI::createSoundInternal             : exinfo->userseek           = 00007FFC25B0DB50
[LOG] SystemI::createSoundInternal             : exinfo->fileuserdata       = 000001AF910E5498
[LOG] SystemI::createSoundInternal             : exinfo->initialseekpostype = 1
[LOG] SystemI::DSPCodecPoolRegister            : register codec pool for pool type 5
[LOG] SystemI::createSoundInternal             : Sample 0/1: name='FasterThanTheEyes_Reaper_MKNIG_24_48_ARMOUR_Leather Creaks-003', format=2, channels=1, frequency=48000, lengthbytes=7712, lengthpcm=36230, pcmblocksize=0, loopstart=0, loopend=0, mode=0x00000000, channelmask=0x00000000, channelorder=0, peakvolume=0.353409.
[LOG] SystemI::createSoundInternal             : Create name='', mode=0x02000202
[LOG] SystemI::createSoundInternal             : exinfo->cbsize             = 232
[LOG] SystemI::createSoundInternal             : exinfo->length             = 3224256
[LOG] SystemI::createSoundInternal             : exinfo->fileoffset         = 98112
[LOG] SystemI::createSoundInternal             : exinfo->numsubsounds       = 1
[LOG] SystemI::createSoundInternal             : exinfo->inclusionlist      = 00000078EDEFF14C
[LOG] SystemI::createSoundInternal             : exinfo->inclusionlistnum   = 1
[LOG] SystemI::createSoundInternal             : exinfo->suggestedsoundtype = 5
[LOG] SystemI::createSoundInternal             : exinfo->useropen           = 00007FFC25B0D9C0
[LOG] SystemI::createSoundInternal             : exinfo->userclose          = 00007FFC25B0D990
[LOG] SystemI::createSoundInternal             : exinfo->userread           = 00007FFC25B0DA90
[LOG] SystemI::createSoundInternal             : exinfo->userseek           = 00007FFC25B0DB50
[LOG] SystemI::createSoundInternal             : exinfo->fileuserdata       = 000001AF910E5498
[LOG] SystemI::createSoundInternal             : exinfo->initialseekpostype = 1
[LOG] SystemI::DSPCodecPoolRegister            : register codec pool for pool type 5
[LOG] SystemI::createSoundInternal             : Sample 0/1: name='FasterThanTheEyes_Reaper_MKNIG_24_48_ARMOUR_Cloth Movement-005', format=2, channels=1, frequency=48000, lengthbytes=2720, lengthpcm=28606, pcmblocksize=0, loopstart=0, loopend=0, mode=0x00000000, channelmask=0x00000000, channelorder=0, peakvolume=0.073281.
[LOG] SystemI::createSoundInternal             : Create name='', mode=0x02000202
[LOG] SystemI::createSoundInternal             : exinfo->cbsize             = 232
[LOG] SystemI::createSoundInternal             : exinfo->length             = 3224256
[LOG] SystemI::createSoundInternal             : exinfo->fileoffset         = 98112
[LOG] SystemI::createSoundInternal             : exinfo->numsubsounds       = 1
[LOG] SystemI::createSoundInternal             : exinfo->inclusionlist      = 00000078EDEFF14C
[LOG] SystemI::createSoundInternal             : exinfo->inclusionlistnum   = 1
[LOG] SystemI::createSoundInternal             : exinfo->suggestedsoundtype = 5
[LOG] SystemI::createSoundInternal             : exinfo->useropen           = 00007FFC25B0D9C0
[LOG] SystemI::createSoundInternal             : exinfo->userclose          = 00007FFC25B0D990
[LOG] SystemI::createSoundInternal             : exinfo->userread           = 00007FFC25B0DA90
[LOG] SystemI::createSoundInternal             : exinfo->userseek           = 00007FFC25B0DB50
[LOG] SystemI::createSoundInternal             : exinfo->fileuserdata       = 000001AF910E5498
[LOG] SystemI::createSoundInternal             : exinfo->initialseekpostype = 1
[LOG] SystemI::DSPCodecPoolRegister            : register codec pool for pool type 5
[LOG] SystemI::createSoundInternal             : Sample 0/1: name='FasterThanTheEyes_Reaper_JWatson_24_48_Breathing_Breath3_001-003', format=2, channels=2, frequency=48000, lengthbytes=5504, lengthpcm=74765, pcmblocksize=0, loopstart=0, loopend=0, mode=0x00000000, channelmask=0x00000000, channelorder=0, peakvolume=0.024864.
[LOG] SystemI::createSoundInternal             : Create name='', mode=0x02000202
[LOG] SystemI::createSoundInternal             : exinfo->cbsize             = 232
[LOG] SystemI::createSoundInternal             : exinfo->length             = 3224256
[LOG] SystemI::createSoundInternal             : exinfo->fileoffset         = 98112
[LOG] SystemI::createSoundInternal             : exinfo->numsubsounds       = 1
[LOG] SystemI::createSoundInternal             : exinfo->inclusionlist      = 00000078EDEFF14C
[LOG] SystemI::createSoundInternal             : exinfo->inclusionlistnum   = 1
[LOG] SystemI::createSoundInternal             : exinfo->suggestedsoundtype = 5
[LOG] SystemI::createSoundInternal             : exinfo->useropen           = 00007FFC25B0D9C0
[LOG] SystemI::createSoundInternal             : exinfo->userclose          = 00007FFC25B0D990
[LOG] SystemI::createSoundInternal             : exinfo->userread           = 00007FFC25B0DA90
[LOG] SystemI::createSoundInternal             : exinfo->userseek           = 00007FFC25B0DB50
[LOG] SystemI::createSoundInternal             : exinfo->fileuserdata       = 000001AF910E5498
[LOG] SystemI::createSoundInternal             : exinfo->initialseekpostype = 1
[LOG] SystemI::DSPCodecPoolRegister            : register codec pool for pool type 5
[LOG] SystemI::createSoundInternal             : Sample 0/1: name='FasterThanTheEyes_Reaper_JWatson_24_48_Breathing_Breath3_001-002', format=2, channels=2, frequency=48000, lengthbytes=6464, lengthpcm=80256, pcmblocksize=0, loopstart=0, loopend=0, mode=0x00000000, channelmask=0x00000000, channelorder=0, peakvolume=0.031495.
[LOG] SystemI::createSoundInternal             : Create name='', mode=0x02000202
[LOG] SystemI::createSoundInternal             : exinfo->cbsize             = 232
[LOG] SystemI::createSoundInternal             : exinfo->length             = 3224256
[LOG] SystemI::createSoundInternal             : exinfo->fileoffset         = 98112
[LOG] SystemI::createSoundInternal             : exinfo->numsubsounds       = 1
[LOG] SystemI::createSoundInternal             : exinfo->inclusionlist      = 00000078EDEFF14C
[LOG] SystemI::createSoundInternal             : exinfo->inclusionlistnum   = 1
[LOG] SystemI::createSoundInternal             : exinfo->suggestedsoundtype = 5
[LOG] SystemI::createSoundInternal             : exinfo->useropen           = 00007FFC25B0D9C0
[LOG] SystemI::createSoundInternal             : exinfo->userclose          = 00007FFC25B0D990
[LOG] SystemI::createSoundInternal             : exinfo->userread           = 00007FFC25B0DA90
[LOG] SystemI::createSoundInternal             : exinfo->userseek           = 00007FFC25B0DB50
[LOG] SystemI::createSoundInternal             : exinfo->fileuserdata       = 000001AF910E5498
[LOG] SystemI::createSoundInternal             : exinfo->initialseekpostype = 1
[LOG] SystemI::DSPCodecPoolRegister            : register codec pool for pool type 5
[LOG] SystemI::createSoundInternal             : Sample 0/1: name='FasterThanTheEyes_Reaper_JWatson_24_48_Breathing_Breath3_001-004', format=2, channels=2, frequency=48000, lengthbytes=7040, lengthpcm=82314, pcmblocksize=0, loopstart=0, loopend=0, mode=0x00000000, channelmask=0x00000000, channelorder=0, peakvolume=0.037635.
[LOG] SystemI::createSoundInternal             : Create name='', mode=0x02000202
[LOG] SystemI::createSoundInternal             : exinfo->cbsize             = 232
[LOG] SystemI::createSoundInternal             : exinfo->length             = 3224256
[LOG] SystemI::createSoundInternal             : exinfo->fileoffset         = 98112
[LOG] SystemI::createSoundInternal             : exinfo->numsubsounds       = 1
[LOG] SystemI::createSoundInternal             : exinfo->inclusionlist      = 00000078EDEFF14C
[LOG] SystemI::createSoundInternal             : exinfo->inclusionlistnum   = 1
[LOG] SystemI::createSoundInternal             : exinfo->suggestedsoundtype = 5
[LOG] SystemI::createSoundInternal             : exinfo->useropen           = 00007FFC25B0D9C0
[LOG] SystemI::createSoundInternal             : exinfo->userclose          = 00007FFC25B0D990
[LOG] SystemI::createSoundInternal             : exinfo->userread           = 00007FFC25B0DA90
[LOG] SystemI::createSoundInternal             : exinfo->userseek           = 00007FFC25B0DB50
[LOG] SystemI::createSoundInternal             : exinfo->fileuserdata       = 000001AF910E5498
[LOG] SystemI::createSoundInternal             : exinfo->initialseekpostype = 1
[LOG] SystemI::DSPCodecPoolRegister            : register codec pool for pool type 5
[LOG] SystemI::createSoundInternal             : Sample 0/1: name='FasterThanTheEyes_Reaper_JWatson_24_48_Breathing_Breath3_001-001', format=2, channels=2, frequency=48000, lengthbytes=5312, lengthpcm=74079, pcmblocksize=0, loopstart=0, loopend=0, mode=0x00000000, channelmask=0x00000000, channelorder=0, peakvolume=0.044372.
[LOG] SystemI::createSoundInternal             : Create name='', mode=0x02000202
[LOG] SystemI::createSoundInternal             : exinfo->cbsize             = 232
[LOG] SystemI::createSoundInternal             : exinfo->length             = 3224256
[LOG] SystemI::createSoundInternal             : exinfo->fileoffset         = 98112
[LOG] SystemI::createSoundInternal             : exinfo->numsubsounds       = 1
[LOG] SystemI::createSoundInternal             : exinfo->inclusionlist      = 00000078EDEFF14C
[LOG] SystemI::createSoundInternal             : exinfo->inclusionlistnum   = 1
[LOG] SystemI::createSoundInternal             : exinfo->suggestedsoundtype = 5
[LOG] SystemI::createSoundInternal             : exinfo->useropen           = 00007FFC25B0D9C0
[LOG] SystemI::createSoundInternal             : exinfo->userclose          = 00007FFC25B0D990
[LOG] SystemI::createSoundInternal             : exinfo->userread           = 00007FFC25B0DA90
[LOG] SystemI::createSoundInternal             : exinfo->userseek           = 00007FFC25B0DB50
[LOG] SystemI::createSoundInternal             : exinfo->fileuserdata       = 000001AF910E5498
[LOG] SystemI::createSoundInternal             : exinfo->initialseekpostype = 1
[LOG] SystemI::DSPCodecPoolRegister            : register codec pool for pool type 5
[LOG] SystemI::createSoundInternal             : Sample 0/1: name='FasterThanTheEyes_Reaper_MKNIG_24_48_ARMOUR_Leather Creaks-002', format=2, channels=1, frequency=48000, lengthbytes=7456, lengthpcm=35771, pcmblocksize=0, loopstart=0, loopend=0, mode=0x00000000, channelmask=0x00000000, channelorder=0, peakvolume=0.511783.
[LOG] SystemI::createSoundInternal             : Create name='', mode=0x02000202
[LOG] SystemI::createSoundInternal             : exinfo->cbsize             = 232
[LOG] SystemI::createSoundInternal             : exinfo->length             = 3224256
[LOG] SystemI::createSoundInternal             : exinfo->fileoffset         = 98112
[LOG] SystemI::createSoundInternal             : exinfo->numsubsounds       = 1
[LOG] SystemI::createSoundInternal             : exinfo->inclusionlist      = 00000078EDEFF14C
[LOG] SystemI::createSoundInternal             : exinfo->inclusionlistnum   = 1
[LOG] SystemI::createSoundInternal             : exinfo->suggestedsoundtype = 5
[LOG] SystemI::createSoundInternal             : exinfo->useropen           = 00007FFC25B0D9C0
[LOG] SystemI::createSoundInternal             : exinfo->userclose          = 00007FFC25B0D990
[LOG] SystemI::createSoundInternal             : exinfo->userread           = 00007FFC25B0DA90
[LOG] SystemI::createSoundInternal             : exinfo->userseek           = 00007FFC25B0DB50
[LOG] SystemI::createSoundInternal             : exinfo->fileuserdata       = 000001AF910E5498
[LOG] SystemI::createSoundInternal             : exinfo->initialseekpostype = 1
[LOG] SystemI::DSPCodecPoolRegister            : register codec pool for pool type 5
[LOG] SystemI::createSoundInternal             : Sample 0/1: name='FasterThanTheEyes_Reaper_MKNIG_24_48_ARMOUR_Armour Chinks-001', format=2, channels=1, frequency=48000, lengthbytes=9760, lengthpcm=44035, pcmblocksize=0, loopstart=0, loopend=0, mode=0x00000000, channelmask=0x00000000, channelorder=0, peakvolume=0.526127.
[LOG] SystemI::createSoundInternal             : Create name='', mode=0x02000202
[LOG] SystemI::createSoundInternal             : exinfo->cbsize             = 232
[LOG] SystemI::createSoundInternal             : exinfo->length             = 3224256
[LOG] SystemI::createSoundInternal             : exinfo->fileoffset         = 98112
[LOG] SystemI::createSoundInternal             : exinfo->numsubsounds       = 1
[LOG] SystemI::createSoundInternal             : exinfo->inclusionlist      = 00000078EDEFF14C
[LOG] SystemI::createSoundInternal             : exinfo->inclusionlistnum   = 1
[LOG] SystemI::createSoundInternal             : exinfo->suggestedsoundtype = 5
[LOG] SystemI::createSoundInternal             : exinfo->useropen           = 00007FFC25B0D9C0
[LOG] SystemI::createSoundInternal             : exinfo->userclose          = 00007FFC25B0D990
[LOG] SystemI::createSoundInternal             : exinfo->userread           = 00007FFC25B0DA90
[LOG] SystemI::createSoundInternal             : exinfo->userseek           = 00007FFC25B0DB50
[LOG] SystemI::createSoundInternal             : exinfo->fileuserdata       = 000001AF910E5498
[LOG] SystemI::createSoundInternal             : exinfo->initialseekpostype = 1
[LOG] SystemI::DSPCodecPoolRegister            : register codec pool for pool type 5
[LOG] SystemI::createSoundInternal             : Sample 0/1: name='FasterThanTheEyes_Reaper_JWatson_24_48_Breathing_Breath_001-002', format=2, channels=2, frequency=48000, lengthbytes=33888, lengthpcm=189328, pcmblocksize=0, loopstart=0, loopend=0, mode=0x00000000, channelmask=0x00000000, channelorder=0, peakvolume=0.147186.
[LOG] SystemI::createSoundInternal             : Create name='', mode=0x02000202
[LOG] SystemI::createSoundInternal             : exinfo->cbsize             = 232
[LOG] SystemI::createSoundInternal             : exinfo->length             = 3224256
[LOG] SystemI::createSoundInternal             : exinfo->fileoffset         = 98112
[LOG] SystemI::createSoundInternal             : exinfo->numsubsounds       = 1
[LOG] SystemI::createSoundInternal             : exinfo->inclusionlist      = 00000078EDEFF14C
[LOG] SystemI::createSoundInternal             : exinfo->inclusionlistnum   = 1
[LOG] SystemI::createSoundInternal             : exinfo->suggestedsoundtype = 5
[LOG] SystemI::createSoundInternal             : exinfo->useropen           = 00007FFC25B0D9C0
[LOG] SystemI::createSoundInternal             : exinfo->userclose          = 00007FFC25B0D990
[LOG] SystemI::createSoundInternal             : exinfo->userread           = 00007FFC25B0DA90
[LOG] SystemI::createSoundInternal             : exinfo->userseek           = 00007FFC25B0DB50
[LOG] SystemI::createSoundInternal             : exinfo->fileuserdata       = 000001AF910E5498
[LOG] SystemI::createSoundInternal             : exinfo->initialseekpostype = 1
[LOG] SystemI::DSPCodecPoolRegister            : register codec pool for pool type 5
[LOG] SystemI::createSoundInternal             : Sample 0/1: name='FasterThanTheEyes_Reaper_MKNIG_24_48_ARMOUR_Leather Creaks-004', format=2, channels=1, frequency=48000, lengthbytes=7552, lengthpcm=36230, pcmblocksize=0, loopstart=0, loopend=0, mode=0x00000000, channelmask=0x00000000, channelorder=0, peakvolume=0.429929.
[LOG] SystemI::createSoundInternal             : Create name='', mode=0x02000202
[LOG] SystemI::createSoundInternal             : exinfo->cbsize             = 232
[LOG] SystemI::createSoundInternal             : exinfo->length             = 3224256
[LOG] SystemI::createSoundInternal             : exinfo->fileoffset         = 98112
[LOG] SystemI::createSoundInternal             : exinfo->numsubsounds       = 1
[LOG] SystemI::createSoundInternal             : exinfo->inclusionlist      = 00000078EDEFF14C
[LOG] SystemI::createSoundInternal             : exinfo->inclusionlistnum   = 1
[LOG] SystemI::createSoundInternal             : exinfo->suggestedsoundtype = 5
[LOG] SystemI::createSoundInternal             : exinfo->useropen           = 00007FFC25B0D9C0
[LOG] SystemI::createSoundInternal             : exinfo->userclose          = 00007FFC25B0D990
[LOG] SystemI::createSoundInternal             : exinfo->userread           = 00007FFC25B0DA90
[LOG] SystemI::createSoundInternal             : exinfo->userseek           = 00007FFC25B0DB50
[LOG] SystemI::createSoundInternal             : exinfo->fileuserdata       = 000001AF910E5498
[LOG] SystemI::createSoundInternal             : exinfo->initialseekpostype = 1
[LOG] SystemI::DSPCodecPoolRegister            : register codec pool for pool type 5
[LOG] SystemI::createSoundInternal             : Sample 0/1: name='FasterThanTheEyes_Reaper_MKNIG_24_48_ARMOUR_Armour Chinks-002', format=2, channels=1, frequency=48000, lengthbytes=14176, lengthpcm=56327, pcmblocksize=0, loopstart=0, loopend=0, mode=0x00000000, channelmask=0x00000000, channelorder=0, peakvolume=0.381060.
[LOG] SystemI::createSoundInternal             : Create name='', mode=0x02000202
[LOG] SystemI::createSoundInternal             : exinfo->cbsize             = 232
[LOG] SystemI::createSoundInternal             : exinfo->length             = 3224256
[LOG] SystemI::createSoundInternal             : exinfo->fileoffset         = 98112
[LOG] SystemI::createSoundInternal             : exinfo->numsubsounds       = 1
[LOG] SystemI::createSoundInternal             : exinfo->inclusionlist      = 00000078EDEFF14C
[LOG] SystemI::createSoundInternal             : exinfo->inclusionlistnum   = 1
[LOG] SystemI::createSoundInternal             : exinfo->suggestedsoundtype = 5
[LOG] SystemI::createSoundInternal             : exinfo->useropen           = 00007FFC25B0D9C0
[LOG] SystemI::createSoundInternal             : exinfo->userclose          = 00007FFC25B0D990
[LOG] SystemI::createSoundInternal             : exinfo->userread           = 00007FFC25B0DA90
[LOG] SystemI::createSoundInternal             : exinfo->userseek           = 00007FFC25B0DB50
[LOG] SystemI::createSoundInternal             : exinfo->fileuserdata       = 000001AF910E5498
[LOG] SystemI::createSoundInternal             : exinfo->initialseekpostype = 1
[LOG] SystemI::DSPCodecPoolRegister            : register codec pool for pool type 5
[LOG] SystemI::createSoundInternal             : Sample 0/1: name='FasterThanTheEyes_Reaper_JWatson_24_48_Breathing_Breath2_001-004', format=2, channels=2, frequency=48000, lengthbytes=7264, lengthpcm=82304, pcmblocksize=0, loopstart=0, loopend=0, mode=0x00000000, channelmask=0x00000000, channelorder=0, peakvolume=0.163177.
[LOG] SystemI::createSoundInternal             : Create name='', mode=0x02000202
[LOG] SystemI::createSoundInternal             : exinfo->cbsize             = 232
[LOG] SystemI::createSoundInternal             : exinfo->length             = 3224256
[LOG] SystemI::createSoundInternal             : exinfo->fileoffset         = 98112
[LOG] SystemI::createSoundInternal             : exinfo->numsubsounds       = 1
[LOG] SystemI::createSoundInternal             : exinfo->inclusionlist      = 00000078EDEFF14C
[LOG] SystemI::createSoundInternal             : exinfo->inclusionlistnum   = 1
[LOG] SystemI::createSoundInternal             : exinfo->suggestedsoundtype = 5
[LOG] SystemI::createSoundInternal             : exinfo->useropen           = 00007FFC25B0D9C0
[LOG] SystemI::createSoundInternal             : exinfo->userclose          = 00007FFC25B0D990
[LOG] SystemI::createSoundInternal             : exinfo->userread           = 00007FFC25B0DA90
[LOG] SystemI::createSoundInternal             : exinfo->userseek           = 00007FFC25B0DB50
[LOG] SystemI::createSoundInternal             : exinfo->fileuserdata       = 000001AF910E5498
[LOG] SystemI::createSoundInternal             : exinfo->initialseekpostype = 1
[LOG] SystemI::DSPCodecPoolRegister            : register codec pool for pool type 5
[LOG] SystemI::createSoundInternal             : Sample 0/1: name='FasterThanTheEyes_Reaper_MKNIG_24_48_ARMOUR_Leather Creaks-005', format=2, channels=1, frequency=48000, lengthbytes=5792, lengthpcm=33019, pcmblocksize=0, loopstart=0, loopend=0, mode=0x00000000, channelmask=0x00000000, channelorder=0, peakvolume=0.178888.
[LOG] SystemI::createSoundInternal             : Create name='', mode=0x02000202
[LOG] SystemI::createSoundInternal             : exinfo->cbsize             = 232
[LOG] SystemI::createSoundInternal             : exinfo->length             = 3224256
[LOG] SystemI::createSoundInternal             : exinfo->fileoffset         = 98112
[LOG] SystemI::createSoundInternal             : exinfo->numsubsounds       = 1
[LOG] SystemI::createSoundInternal             : exinfo->inclusionlist      = 00000078EDEFF14C
[LOG] SystemI::createSoundInternal             : exinfo->inclusionlistnum   = 1
[LOG] SystemI::createSoundInternal             : exinfo->suggestedsoundtype = 5
[LOG] SystemI::createSoundInternal             : exinfo->useropen           = 00007FFC25B0D9C0
[LOG] SystemI::createSoundInternal             : exinfo->userclose          = 00007FFC25B0D990
[LOG] SystemI::createSoundInternal             : exinfo->userread           = 00007FFC25B0DA90
[LOG] SystemI::createSoundInternal             : exinfo->userseek           = 00007FFC25B0DB50
[LOG] SystemI::createSoundInternal             : exinfo->fileuserdata       = 000001AF910E5498
[LOG] SystemI::createSoundInternal             : exinfo->initialseekpostype = 1
[LOG] SystemI::DSPCodecPoolRegister            : register codec pool for pool type 5
[LOG] SystemI::createSoundInternal             : Sample 0/1: name='FasterThanTheEyes_Reaper_MKNIG_24_48_ARMOUR_Armour Chinks-005', format=2, channels=1, frequency=48000, lengthbytes=12992, lengthpcm=51026, pcmblocksize=0, loopstart=0, loopend=0, mode=0x00000000, channelmask=0x00000000, channelorder=0, peakvolume=0.409933.
[LOG] SystemI::createSoundInternal             : Create name='', mode=0x02000202
[LOG] SystemI::createSoundInternal             : exinfo->cbsize             = 232
[LOG] SystemI::createSoundInternal             : exinfo->length             = 3224256
[LOG] SystemI::createSoundInternal             : exinfo->fileoffset         = 98112
[LOG] SystemI::createSoundInternal             : exinfo->numsubsounds       = 1
[LOG] SystemI::createSoundInternal             : exinfo->inclusionlist      = 00000078EDEFF14C
[LOG] SystemI::createSoundInternal             : exinfo->inclusionlistnum   = 1
[LOG] SystemI::createSoundInternal             : exinfo->suggestedsoundtype = 5
[LOG] SystemI::createSoundInternal             : exinfo->useropen           = 00007FFC25B0D9C0
[LOG] SystemI::createSoundInternal             : exinfo->userclose          = 00007FFC25B0D990
[LOG] SystemI::createSoundInternal             : exinfo->userread           = 00007FFC25B0DA90
[LOG] SystemI::createSoundInternal             : exinfo->userseek           = 00007FFC25B0DB50
[LOG] SystemI::createSoundInternal             : exinfo->fileuserdata       = 000001AF910E5498
[LOG] SystemI::createSoundInternal             : exinfo->initialseekpostype = 1
[LOG] SystemI::DSPCodecPoolRegister            : register codec pool for pool type 5
[LOG] SystemI::createSoundInternal             : Sample 0/1: name='FasterThanTheEyes_Reaper_JWatson_24_48_Breathing_Breath_001-004', format=2, channels=2, frequency=48000, lengthbytes=36480, lengthpcm=200159, pcmblocksize=0, loopstart=0, loopend=0, mode=0x00000000, channelmask=0x00000000, channelorder=0, peakvolume=0.200745.
[LOG] SystemI::createSoundInternal             : Create name='', mode=0x02000202
[LOG] SystemI::createSoundInternal             : exinfo->cbsize             = 232
[LOG] SystemI::createSoundInternal             : exinfo->length             = 3224256
[LOG] SystemI::createSoundInternal             : exinfo->fileoffset         = 98112
[LOG] SystemI::createSoundInternal             : exinfo->numsubsounds       = 1
[LOG] SystemI::createSoundInternal             : exinfo->inclusionlist      = 00000078EDEFF14C
[LOG] SystemI::createSoundInternal             : exinfo->inclusionlistnum   = 1
[LOG] SystemI::createSoundInternal             : exinfo->suggestedsoundtype = 5
[LOG] SystemI::createSoundInternal             : exinfo->useropen           = 00007FFC25B0D9C0
[LOG] SystemI::createSoundInternal             : exinfo->userclose          = 00007FFC25B0D990
[LOG] SystemI::createSoundInternal             : exinfo->userread           = 00007FFC25B0DA90
[LOG] SystemI::createSoundInternal             : exinfo->userseek           = 00007FFC25B0DB50
[LOG] SystemI::createSoundInternal             : exinfo->fileuserdata       = 000001AF910E5498
[LOG] SystemI::createSoundInternal             : exinfo->initialseekpostype = 1
[LOG] SystemI::DSPCodecPoolRegister            : register codec pool for pool type 5
[LOG] SystemI::createSoundInternal             : Sample 0/1: name='FasterThanTheEyes_Reaper_MKNIG_24_48_ARMOUR_Cloth Movement-003', format=2, channels=1, frequency=48000, lengthbytes=2144, lengthpcm=24795, pcmblocksize=0, loopstart=0, loopend=0, mode=0x00000000, channelmask=0x00000000, channelorder=0, peakvolume=0.104555.
[LOG] SystemI::createSoundInternal             : Create name='', mode=0x02000202
[LOG] SystemI::createSoundInternal             : exinfo->cbsize             = 232
[LOG] SystemI::createSoundInternal             : exinfo->length             = 3224256
[LOG] SystemI::createSoundInternal             : exinfo->fileoffset         = 98112
[LOG] SystemI::createSoundInternal             : exinfo->numsubsounds       = 1
[LOG] SystemI::createSoundInternal             : exinfo->inclusionlist      = 00000078EDEFF14C
[LOG] SystemI::createSoundInternal             : exinfo->inclusionlistnum   = 1
[LOG] SystemI::createSoundInternal             : exinfo->suggestedsoundtype = 5
[LOG] SystemI::createSoundInternal             : exinfo->useropen           = 00007FFC25B0D9C0
[LOG] SystemI::createSoundInternal             : exinfo->userclose          = 00007FFC25B0D990
[LOG] SystemI::createSoundInternal             : exinfo->userread           = 00007FFC25B0DA90
[LOG] SystemI::createSoundInternal             : exinfo->userseek           = 00007FFC25B0DB50
[LOG] SystemI::createSoundInternal             : exinfo->fileuserdata       = 000001AF910E5498
[LOG] SystemI::createSoundInternal             : exinfo->initialseekpostype = 1
[LOG] SystemI::DSPCodecPoolRegister            : register codec pool for pool type 5
[LOG] SystemI::createSoundInternal             : Sample 0/1: name='FasterThanTheEyes_Reaper_MKNIG_24_48_ARMOUR_Cloth Movement-004', format=2, channels=1, frequency=48000, lengthbytes=2688, lengthpcm=27679, pcmblocksize=0, loopstart=0, loopend=0, mode=0x00000000, channelmask=0x00000000, channelorder=0, peakvolume=0.339573.
[LOG] SystemI::createSoundInternal             : Create name='', mode=0x02000202
[LOG] SystemI::createSoundInternal             : exinfo->cbsize             = 232
[LOG] SystemI::createSoundInternal             : exinfo->length             = 3224256
[LOG] SystemI::createSoundInternal             : exinfo->fileoffset         = 98112
[LOG] SystemI::createSoundInternal             : exinfo->numsubsounds       = 1
[LOG] SystemI::createSoundInternal             : exinfo->inclusionlist      = 00000078EDEFF14C
[LOG] SystemI::createSoundInternal             : exinfo->inclusionlistnum   = 1
[LOG] SystemI::createSoundInternal             : exinfo->suggestedsoundtype = 5
[LOG] SystemI::createSoundInternal             : exinfo->useropen           = 00007FFC25B0D9C0
[LOG] SystemI::createSoundInternal             : exinfo->userclose          = 00007FFC25B0D990
[LOG] SystemI::createSoundInternal             : exinfo->userread           = 00007FFC25B0DA90
[LOG] SystemI::createSoundInternal             : exinfo->userseek           = 00007FFC25B0DB50
[LOG] SystemI::createSoundInternal             : exinfo->fileuserdata       = 000001AF910E5498
[LOG] SystemI::createSoundInternal             : exinfo->initialseekpostype = 1
[LOG] SystemI::DSPCodecPoolRegister            : register codec pool for pool type 5
[LOG] SystemI::createSoundInternal             : Sample 0/1: name='FasterThanTheEyes_Reaper_MKNIG_24_48_ARMOUR_Cloth Movement-001', format=2, channels=1, frequency=48000, lengthbytes=2112, lengthpcm=25265, pcmblocksize=0, loopstart=0, loopend=0, mode=0x00000000, channelmask=0x00000000, channelorder=0, peakvolume=0.043489.
[LOG] SystemI::createSoundInternal             : Create name='', mode=0x02000202
[LOG] SystemI::createSoundInternal             : exinfo->cbsize             = 232
[LOG] SystemI::createSoundInternal             : exinfo->length             = 3224256
[LOG] SystemI::createSoundInternal             : exinfo->fileoffset         = 98112
[LOG] SystemI::createSoundInternal             : exinfo->numsubsounds       = 1
[LOG] SystemI::createSoundInternal             : exinfo->inclusionlist      = 00000078EDEFF14C
[LOG] SystemI::createSoundInternal             : exinfo->inclusionlistnum   = 1
[LOG] SystemI::createSoundInternal             : exinfo->suggestedsoundtype = 5
[LOG] SystemI::createSoundInternal             : exinfo->useropen           = 00007FFC25B0D9C0
[LOG] SystemI::createSoundInternal             : exinfo->userclose          = 00007FFC25B0D990
[LOG] SystemI::createSoundInternal             : exinfo->userread           = 00007FFC25B0DA90
[LOG] SystemI::createSoundInternal             : exinfo->userseek           = 00007FFC25B0DB50
[LOG] SystemI::createSoundInternal             : exinfo->fileuserdata       = 000001AF910E5498
[LOG] SystemI::createSoundInternal             : exinfo->initialseekpostype = 1
[LOG] SystemI::DSPCodecPoolRegister            : register codec pool for pool type 5
[LOG] SystemI::createSoundInternal             : Sample 0/1: name='FasterThanTheEyes_Reaper_MKNIG_24_48_ARMOUR_Armour Chinks-003', format=2, channels=1, frequency=48000, lengthbytes=12064, lengthpcm=48960, pcmblocksize=0, loopstart=0, loopend=0, mode=0x00000000, channelmask=0x00000000, channelorder=0, peakvolume=0.380620.
[ERR] assert                                   : assertion: 'listener >= 0 && listener < numlisteners' failed
[ERR] assert                                   : assertion: 'listener >= 0 && listener < numlisteners' failed
[ERR] assert                                   : assertion: 'listener >= 0 && listener < numlisteners' failed
[ERR] assert                                   : assertion: 'listener >= 0 && listener < numlisteners' failed
[ERR] assert                                   : assertion: 'listener >= 0 && listener < numlisteners' failed
[ERR] assert                                   : assertion: 'listener >= 0 && listener < numlisteners' failed
[ERR] assert                                   : assertion: 'listener >= 0 && listener < numlisteners' failed
[ERR] assert                                   : assertion: 'listener >= 0 && listener < numlisteners' failed
[ERR] assert                                   : assertion: 'listener >= 0 && listener < numlisteners' failed
[ERR] assert                                   : assertion: 'listener >= 0 && listener < numlisteners' failed
[ERR] assert                                   : assertion: 'listener >= 0 && listener < numlisteners' failed
[ERR] assert                                   : assertion: 'listener >= 0 && listener < numlisteners' failed
[ERR] assert                                   : assertion: 'listener >= 0 && listener < numlisteners' failed
[ERR] assert                                   : assertion: 'listener >= 0 && listener < numlisteners' failed
[ERR] assert                                   : assertion: 'listener >= 0 && listener < numlisteners' failed
[ERR] assert                                   : assertion: 'listener >= 0 && listener < numlisteners' failed
[ERR] assert                                   : assertion: 'listener >= 0 && listener < numlisteners' failed
[ERR] assert                                   : assertion: 'listener >= 0 && listener < numlisteners' failed
[ERR] assert                                   : assertion: 'listener >= 0 && listener < numlisteners' failed
[ERR] assert                                   : assertion: 'listener >= 0 && listener < numlisteners' failed
[ERR] assert                                   : assertion: 'listener >= 0 && listener < numlisteners' failed
[ERR] assert                                   : assertion: 'listener >= 0 && listener < numlisteners' failed
[ERR] assert                                   : assertion: 'listener >= 0 && listener < numlisteners' failed
[ERR] assert                                   : assertion: 'listener >= 0 && listener < numlisteners' failed
[ERR] assert                                   : assertion: 'listener >= 0 && listener < numlisteners' failed
[ERR] assert                                   : assertion: 'listener >= 0 && listener < numlisteners' failed
[ERR] assert                                   : assertion: 'listener >= 0 && listener < numlisteners' failed
[ERR] assert                                   : assertion: 'listener >= 0 && listener < numlisteners' failed
[ERR] assert                                   : assertion: 'listener >= 0 && listener < numlisteners' failed
[ERR] assert                                   : assertion: 'listener >= 0 && listener < numlisteners' failed
[ERR] assert                                   : assertion: 'listener >= 0 && listener < numlisteners' failed
[ERR] assert                                   : assertion: 'listener >= 0 && listener < numlisteners' failed
[ERR] assert                                   : assertion: 'listener >= 0 && listener < numlisteners' failed
[ERR] assert                                   : assertion: 'listener >= 0 && listener < numlisteners' failed
[ERR] assert                                   : assertion: 'listener >= 0 && listener < numlisteners' failed
[ERR] assert                                   : assertion: 'listener >= 0 && listener < numlisteners' failed
[ERR] assert                                   : assertion: 'listener >= 0 && listener < numlisteners' failed
[ERR] assert                                   : assertion: 'listener >= 0 && listener < numlisteners' failed
[ERR] assert                                   : assertion: 'listener >= 0 && listener < numlisteners' failed
[ERR] assert                                   : assertion: 'listener >= 0 && listener < numlisteners' failed
[ERR] assert                                   : assertion: 'listener >= 0 && listener < numlisteners' failed
[ERR] assert                                   : assertion: 'listener >= 0 && listener < numlisteners' failed
[ERR] assert                                   : assertion: 'listener >= 0 && listener < numlisteners' failed
[ERR] assert                                   : assertion: 'listener >= 0 && listener < numlisteners' failed
[ERR] assert                                   : assertion: 'listener >= 0 && listener < numlisteners' failed
[ERR] assert                                   : assertion: 'listener >= 0 && listener < numlisteners' failed
[ERR] assert                                   : assertion: 'listener >= 0 && listener < numlisteners' failed
[ERR] assert                                   : assertion: 'listener >= 0 && listener < numlisteners' failed
[ERR] assert                                   : assertion: 'listener >= 0 && listener < numlisteners' failed
[ERR] assert                                   : assertion: 'listener >= 0 && listener < numlisteners' failed
[LOG] SoundI::release                          :  (000001AFF389B708)
[LOG] SoundI::release                          :     FasterThanTheEyes_Reaper_MKNIG_24_48_ARMOUR_Cloth Movement-001 (000001AFE6001C58)
[LOG] SoundI::release                          :  (000001AFF389A178)
[LOG] SoundI::release                          :     FasterThanTheEyes_Reaper_MKNIG_24_48_ARMOUR_Cloth Movement-003 (000001AFE6001AB8)
[LOG] SoundI::release                          :  (000001AFF389B428)
[LOG] SoundI::release                          :     FasterThanTheEyes_Reaper_MKNIG_24_48_ARMOUR_Cloth Movement-004 (000001AFE6000DB8)
[LOG] SoundI::release                          :  (000001AFEF6D5128)
[LOG] SoundI::release                          :     FasterThanTheEyes_Reaper_MKNIG_24_48_ARMOUR_Cloth Movement-005 (000001AFE874DDC8)
[LOG] SoundI::release                          :  (000001AFEF6D59C8)
[LOG] SoundI::release                          :     FasterThanTheEyes_Reaper_MKNIG_24_48_ARMOUR_Armour Chinks-001 (000001AFE874EAC8)
[LOG] SoundI::release                          :  (000001AFEF6D5F88)
[LOG] SoundI::release                          :     FasterThanTheEyes_Reaper_MKNIG_24_48_ARMOUR_Armour Chinks-002 (000001AFE6000C18)
[LOG] SoundI::release                          :  (000001AFF389A2E8)
[LOG] SoundI::release                          :     FasterThanTheEyes_Reaper_MKNIG_24_48_ARMOUR_Armour Chinks-003 (000001AFE6000258)
[LOG] SoundI::release                          :  (000001AFEF6D6828)
[LOG] SoundI::release                          :     FasterThanTheEyes_Reaper_MKNIG_24_48_ARMOUR_Armour Chinks-004 (000001AFE874DA88)
[LOG] SoundI::release                          :  (000001AFF389A5C8)
[LOG] SoundI::release                          :     FasterThanTheEyes_Reaper_MKNIG_24_48_ARMOUR_Armour Chinks-005 (000001AFE6001918)
[LOG] SoundI::release                          :  (000001AFEF6D4E48)
[LOG] SoundI::release                          :     FasterThanTheEyes_Reaper_MKNIG_24_48_ARMOUR_Leather Creaks-001 (000001AFE874D8E8)
[LOG] SoundI::release                          :  (000001AFEF6D5858)
[LOG] SoundI::release                          :     FasterThanTheEyes_Reaper_MKNIG_24_48_ARMOUR_Leather Creaks-002 (000001AFE874E928)
[LOG] SoundI::release                          :  (000001AFEF6D6C78)
[LOG] SoundI::release                          :     FasterThanTheEyes_Reaper_MKNIG_24_48_ARMOUR_Leather Creaks-003 (000001AFE874DC28)
[LOG] SoundI::release                          :  (000001AFEF6D5E18)
[LOG] SoundI::release                          :     FasterThanTheEyes_Reaper_MKNIG_24_48_ARMOUR_Leather Creaks-004 (000001AFE6001778)
[LOG] SoundI::release                          :  (000001AFF3899E98)
[LOG] SoundI::release                          :     FasterThanTheEyes_Reaper_MKNIG_24_48_ARMOUR_Leather Creaks-005 (000001AFE6001DF8)
[LOG] SoundI::release                          :  (000001AFEF6D56E8)
[LOG] SoundI::release                          :     FasterThanTheEyes_Reaper_MKNIG_24_48_ARMOUR_Leather Creaks-006 (000001AFE874E2A8)
[LOG] SoundI::release                          :  (000001AFFA8D4598)
[LOG] SoundI::release                          :     FasterThanTheEyes_Reaper_MKNIG_24_48_ARMOUR_Leather Creaks-007 (000001AFE874F488)
[LOG] SoundI::release                          :  (000001AFFA8D3A18)
[LOG] SoundI::release                          :     FasterThanTheEyes_Reaper_MKNIG_24_48_ARMOUR_Cloth Movement-002 (000001AFE874EE08)
[LOG] SoundI::release                          :  (000001AFEF6D5408)
[LOG] SoundI::release                          :     FasterThanTheEyes_Reaper_JWatson_24_48_Breathing_Breath3_001-001 (000001AFE874E788)
[LOG] SoundI::release                          :  (000001AFEF6D6548)
[LOG] SoundI::release                          :     FasterThanTheEyes_Reaper_JWatson_24_48_Breathing_Breath3_001-002 (000001AFE874DF68)
[LOG] SoundI::release                          :  (000001AFEF6D4FB8)
[LOG] SoundI::release                          :     FasterThanTheEyes_Reaper_JWatson_24_48_Breathing_Breath3_001-003 (000001AFE874F148)
[LOG] SoundI::release                          :  (000001AFEF6D5298)
[LOG] SoundI::release                          :     FasterThanTheEyes_Reaper_JWatson_24_48_Breathing_Breath3_001-004 (000001AFE874E5E8)
[LOG] SoundI::release                          :  (000001AFFA8D4148)
[LOG] SoundI::release                          :     FasterThanTheEyes_Reaper_JWatson_24_48_Breathing_Breath2_001-001 (000001AFE874EFA8)
[LOG] SoundI::release                          :  (000001AFEF6D6B08)
[LOG] SoundI::release                          :     FasterThanTheEyes_Reaper_JWatson_24_48_Breathing_Breath2_001-002 (000001AFE874EC68)
[LOG] SoundI::release                          :  (000001AFEF6D5578)
[LOG] SoundI::release                          :     FasterThanTheEyes_Reaper_JWatson_24_48_Breathing_Breath2_001-003 (000001AFE874E448)
[LOG] SoundI::release                          :  (000001AFF389B598)
[LOG] SoundI::release                          :     FasterThanTheEyes_Reaper_JWatson_24_48_Breathing_Breath2_001-004 (000001AFE60000B8)
[LOG] SoundI::release                          :  (000001AFEF6D5CA8)
[LOG] SoundI::release                          :     FasterThanTheEyes_Reaper_JWatson_24_48_Breathing_Breath_001-002 (000001AFE60008D8)
[LOG] SoundI::release                          :  (000001AFFA8D3FD8)
[LOG] SoundI::release                          :     FasterThanTheEyes_Reaper_JWatson_24_48_Breathing_Breath_001-003 (000001AFE874E108)
[LOG] SoundI::release                          :  (000001AFF389AE68)
[LOG] SoundI::release                          :     FasterThanTheEyes_Reaper_JWatson_24_48_Breathing_Breath_001-004 (000001AFE6000A78)
[LOG] SoundI::release                          :  (000001AFEF6D5B38)
[LOG] SoundI::release                          :     FasterThanTheEyes_Reaper_JWatson_24_48_Breathing_Breath_001-001 (000001AFE874F628)
[LOG] Thread::callback                         : FMOD Studio update thread finished.
[LOG] Thread::callback                         : FMOD Studio bank load thread finished.
[LOG] Profile::disconnectAll                   : Profiler disconnecting all clients
[LOG] Thread::callback                         : FMOD Studio sample load thread finished.
[LOG] LiveUpdate::release                      : 
[LOG] LiveUpdate::reset                        : Reset connection (reason Disconnected)
[LOG] Thread::callback                         : FMOD stream thread finished.
[LOG] Thread::callback                         : FMOD mixer thread finished.
[LOG] Profile::disconnectAll                   : Profiler disconnecting all clients
[LOG] SystemI::close                           : Closed.
